<?xml version="1.0" encoding="UTF-8"?>
<testng-results ignored="0" total="2" passed="2" failed="0" skipped="0">
  <reporter-output>
  </reporter-output>
  <suite started-at="2020-07-30T13:31:03Z" name="Default suite" finished-at="2020-07-30T13:31:09Z" duration-ms="6393">
    <groups>
    </groups>
    <test started-at="2020-07-30T13:31:03Z" name="Default test" finished-at="2020-07-30T13:31:09Z" duration-ms="6393">
      <class name="funcdef.TestRunner">
        <test-method is-config="true" signature="lauchApplication()[pri:0, instance:funcdef.TestRunner@c0c2f8d]" started-at="2020-07-30T13:30:54Z" name="lauchApplication" finished-at="2020-07-30T13:31:03Z" duration-ms="9107" status="PASS">
          <reporter-output>
          </reporter-output>
        </test-method> <!-- lauchApplication -->
        <test-method signature="click_practice()[pri:0, instance:funcdef.TestRunner@c0c2f8d]" started-at="2020-07-30T13:31:03Z" name="click_practice" finished-at="2020-07-30T13:31:03Z" duration-ms="125" status="PASS">
          <reporter-output>
          </reporter-output>
        </test-method> <!-- click_practice -->
        <test-method signature="click_OpenTab()[pri:1, instance:funcdef.TestRunner@c0c2f8d]" started-at="2020-07-30T13:31:03Z" name="click_OpenTab" finished-at="2020-07-30T13:31:09Z" duration-ms="6247" status="PASS">
          <reporter-output>
          </reporter-output>
        </test-method> <!-- click_OpenTab -->
        <test-method is-config="true" signature="tearDown()[pri:0, instance:funcdef.TestRunner@c0c2f8d]" started-at="2020-07-30T13:31:09Z" name="tearDown" finished-at="2020-07-30T13:31:10Z" duration-ms="1073" status="PASS">
          <reporter-output>
          </reporter-output>
        </test-method> <!-- tearDown -->
      </class> <!-- funcdef.TestRunner -->
    </test> <!-- Default test -->
  </suite> <!-- Default suite -->
</testng-results>
